Build started 7/3/2014 5:48:38 AM.
     1>Project "C:\Users\Owner\Documents\Visual Studio 2010\Projects\Detection of FC Kohli Door\Detection of FC Kohli Door\Detection of FC Kohli Door.vcxproj" on node 2 (build target(s)).
     1>InitializeBuildStatus:
         Creating "Debug\Detection of FC Kohli Door.unsuccessfulbuild" because "AlwaysCreate" was specified.
       ClCompile:
         C:\Program Files (x86)\Microsoft Visual Studio 10.0\VC\bin\CL.exe /c /ZI /nologo /W3 /WX- /Od /Oy- /D WIN32 /D _DEBUG /D _CONSOLE /D _UNICODE /D UNICODE /Gm /EHsc /RTC1 /MDd /GS /fp:precise /Zc:wchar_t /Zc:forScope /Fo"Debug\\" /Fd"Debug\vc100.pdb" /Gd /TP /analyze- /errorReport:prompt main.cpp
         main.cpp
     1>c:\users\owner\documents\visual studio 2010\projects\detection of fc kohli door\detection of fc kohli door\main.cpp(21): warning C4101: 'Shift' : unreferenced local variable
       ManifestResourceCompile:
         All outputs are up-to-date.
       Link:
         C:\Program Files (x86)\Microsoft Visual Studio 10.0\VC\bin\link.exe /ERRORREPORT:PROMPT /OUT:"C:\Users\Owner\Documents\Visual Studio 2010\Projects\Detection of FC Kohli Door\Debug\Detection of FC Kohli Door.exe" /INCREMENTAL /NOLOGO kernel32.lib user32.lib gdi32.lib winspool.lib comdlg32.lib opencv_calib3d243d.lib opencv_contrib243d.lib opencv_core243d.lib opencv_features2d243d.lib opencv_flann243d.lib opencv_gpu243d.lib opencv_haartraining_engined.lib opencv_highgui243d.lib opencv_imgproc243d.lib opencv_legacy243d.lib opencv_ml243d.lib opencv_nonfree243d.lib opencv_objdetect243d.lib opencv_photo243d.lib opencv_stitching243d.lib opencv_ts243d.lib opencv_video243d.lib opencv_videostab243d.lib kernel32.lib user32.lib gdi32.lib winspool.lib comdlg32.lib advapi32.lib shell32.lib ole32.lib oleaut32.lib uuid.lib odbc32.lib odbccp32.lib /MANIFEST /ManifestFile:"Debug\Detection of FC Kohli Door.exe.intermediate.manifest" /MANIFESTUAC:"level='asInvoker' uiAccess='false'" /DEBUG /PDB:"C:\Users\Owner\Documents\Visual Studio 2010\Projects\Detection of FC Kohli Door\Debug\Detection of FC Kohli Door.pdb" /SUBSYSTEM:CONSOLE /TLBID:1 /DYNAMICBASE /NXCOMPAT /IMPLIB:"C:\Users\Owner\Documents\Visual Studio 2010\Projects\Detection of FC Kohli Door\Debug\Detection of FC Kohli Door.lib" /MACHINE:X86 "Debug\Detection of FC Kohli Door.exe.embed.manifest.res"
         Debug\main.obj
       Manifest:
         C:\Program Files (x86)\Microsoft SDKs\Windows\v7.0A\bin\mt.exe /nologo /verbose /out:"Debug\Detection of FC Kohli Door.exe.embed.manifest" /manifest "Debug\Detection of FC Kohli Door.exe.intermediate.manifest"
         All outputs are up-to-date.
       LinkEmbedManifest:
         All outputs are up-to-date.
         Detection of FC Kohli Door.vcxproj -> C:\Users\Owner\Documents\Visual Studio 2010\Projects\Detection of FC Kohli Door\Debug\Detection of FC Kohli Door.exe
       FinalizeBuildStatus:
         Deleting file "Debug\Detection of FC Kohli Door.unsuccessfulbuild".
         Touching "Debug\Detection of FC Kohli Door.lastbuildstate".
     1>Done Building Project "C:\Users\Owner\Documents\Visual Studio 2010\Projects\Detection of FC Kohli Door\Detection of FC Kohli Door\Detection of FC Kohli Door.vcxproj" (build target(s)).

Build succeeded.

Time Elapsed 00:00:06.49
